{
  "RSpec": {
    "coverage": {
      "/Users/yaskemp/Desktop/Projects/Week10/Bank_tech_test/spec/account_spec.rb": [
        1,
        null,
        1,
        11,
        null,
        1,
        1,
        1,
        1,
        null,
        null,
        null,
        1,
        1,
        1,
        1,
        1,
        null,
        1,
        1,
        2,
        null,
        null,
        null,
        1,
        1,
        1,
        1,
        null,
        1,
        1,
        1,
        1,
        null,
        1,
        1,
        1,
        null,
        1,
        1,
        1,
        null,
        null,
        null,
        1,
        1,
        1,
        1,
        1,
        null,
        1,
        1,
        1,
        1,
        null,
        1,
        1,
        1,
        1,
        null,
        null,
        null,
        null,
        null,
        null,
        null,
        null
      ],
      "/Users/yaskemp/Desktop/Projects/Week10/Bank_tech_test/lib/account.rb": [
        1,
        null,
        1,
        null,
        1,
        10,
        10,
        10,
        10,
        10,
        null,
        null,
        1,
        7,
        7,
        7,
        null,
        null,
        1,
        3,
        2,
        2,
        2,
        null,
        null,
        1,
        9,
        9,
        9,
        9,
        null,
        null,
        1,
        12,
        5,
        7,
        1,
        6,
        2,
        null,
        null,
        null
      ]
    },
    "timestamp": 1574106243
  }
}
